[26/07 14:24:14] == Sinatra/1.2.6 has taken the stage on 6666 for development with backup from Thin
[26/07 14:24:14] >> Thin web server (v1.2.11 codename Bat-Shit Crazy)
[26/07 14:24:14] >> Maximum connections set to 1024
[26/07 14:24:14] >> Listening on 0.0.0.0:6666, CTRL+C to stop
TypeError - can't convert String into Integer:
 /Users/niko/laut/config_server/lib/app.rb:23:in `glob'
 /Users/niko/laut/config_server/lib/app.rb:23:in `config_files'
 /Users/niko/laut/config_server/lib/app.rb:29:in `reload_yaml'
 /Users/niko/laut/config_server/lib/app.rb:38:in `config'
 /Users/niko/laut/config_server/lib/app.rb:63:in `block in <class:ConfigApp>'
 /Users/niko/.rvm/gems/ruby-1.9.2-p180/gems/sinatra-1.2.6/lib/sinatra/base.rb:1151:in `call'
 /Users/niko/.rvm/gems/ruby-1.9.2-p180/gems/sinatra-1.2.6/lib/sinatra/base.rb:1151:in `block in compile!'
 /Users/niko/.rvm/gems/ruby-1.9.2-p180/gems/sinatra-1.2.6/lib/sinatra/base.rb:724:in `instance_eval'
 /Users/niko/.rvm/gems/ruby-1.9.2-p180/gems/sinatra-1.2.6/lib/sinatra/base.rb:724:in `route_eval'
 /Users/niko/.rvm/gems/ruby-1.9.2-p180/gems/sinatra-1.2.6/lib/sinatra/base.rb:708:in `block (2 levels) in route!'
 /Users/niko/.rvm/gems/ruby-1.9.2-p180/gems/sinatra-1.2.6/lib/sinatra/base.rb:758:in `block in process_route'
 /Users/niko/.rvm/gems/ruby-1.9.2-p180/gems/sinatra-1.2.6/lib/sinatra/base.rb:755:in `catch'
 /Users/niko/.rvm/gems/ruby-1.9.2-p180/gems/sinatra-1.2.6/lib/sinatra/base.rb:755:in `process_route'
 /Users/niko/.rvm/gems/ruby-1.9.2-p180/gems/sinatra-1.2.6/lib/sinatra/base.rb:707:in `block in route!'
 /Users/niko/.rvm/gems/ruby-1.9.2-p180/gems/sinatra-1.2.6/lib/sinatra/base.rb:706:in `each'
 /Users/niko/.rvm/gems/ruby-1.9.2-p180/gems/sinatra-1.2.6/lib/sinatra/base.rb:706:in `route!'
 /Users/niko/.rvm/gems/ruby-1.9.2-p180/gems/sinatra-1.2.6/lib/sinatra/base.rb:843:in `dispatch!'
 /Users/niko/.rvm/gems/ruby-1.9.2-p180/gems/sinatra-1.2.6/lib/sinatra/base.rb:644:in `block in call!'
 /Users/niko/.rvm/gems/ruby-1.9.2-p180/gems/sinatra-1.2.6/lib/sinatra/base.rb:808:in `instance_eval'
 /Users/niko/.rvm/gems/ruby-1.9.2-p180/gems/sinatra-1.2.6/lib/sinatra/base.rb:808:in `block in invoke'
 /Users/niko/.rvm/gems/ruby-1.9.2-p180/gems/sinatra-1.2.6/lib/sinatra/base.rb:808:in `catch'
 /Users/niko/.rvm/gems/ruby-1.9.2-p180/gems/sinatra-1.2.6/lib/sinatra/base.rb:808:in `invoke'
 /Users/niko/.rvm/gems/ruby-1.9.2-p180/gems/sinatra-1.2.6/lib/sinatra/base.rb:644:in `call!'
 /Users/niko/.rvm/gems/ruby-1.9.2-p180/gems/sinatra-1.2.6/lib/sinatra/base.rb:629:in `call'
 /Users/niko/.rvm/gems/ruby-1.9.2-p180/gems/rack-1.3.1/lib/rack/commonlogger.rb:20:in `call'
 /Users/niko/.rvm/gems/ruby-1.9.2-p180/gems/rack-1.3.1/lib/rack/head.rb:9:in `call'
 /Users/niko/.rvm/gems/ruby-1.9.2-p180/gems/sinatra-1.2.6/lib/sinatra/showexceptions.rb:21:in `call'
 /Users/niko/.rvm/gems/ruby-1.9.2-p180/gems/sinatra-1.2.6/lib/sinatra/base.rb:1272:in `block in call'
 /Users/niko/.rvm/gems/ruby-1.9.2-p180/gems/sinatra-1.2.6/lib/sinatra/base.rb:1303:in `synchronize'
 /Users/niko/.rvm/gems/ruby-1.9.2-p180/gems/sinatra-1.2.6/lib/sinatra/base.rb:1272:in `call'
 /Users/niko/.rvm/gems/ruby-1.9.2-p180/gems/thin-1.2.11/lib/thin/connection.rb:84:in `block in pre_process'
 /Users/niko/.rvm/gems/ruby-1.9.2-p180/gems/thin-1.2.11/lib/thin/connection.rb:82:in `catch'
 /Users/niko/.rvm/gems/ruby-1.9.2-p180/gems/thin-1.2.11/lib/thin/connection.rb:82:in `pre_process'
 /Users/niko/.rvm/gems/ruby-1.9.2-p180/gems/thin-1.2.11/lib/thin/connection.rb:57:in `process'
 /Users/niko/.rvm/gems/ruby-1.9.2-p180/gems/thin-1.2.11/lib/thin/connection.rb:42:in `receive_data'
 /Users/niko/.rvm/gems/ruby-1.9.2-p180/gems/eventmachine-0.12.10/lib/eventmachine.rb:256:in `run_machine'
 /Users/niko/.rvm/gems/ruby-1.9.2-p180/gems/eventmachine-0.12.10/lib/eventmachine.rb:256:in `run'
 /Users/niko/.rvm/gems/ruby-1.9.2-p180/gems/thin-1.2.11/lib/thin/backends/base.rb:61:in `start'
 /Users/niko/.rvm/gems/ruby-1.9.2-p180/gems/thin-1.2.11/lib/thin/server.rb:159:in `start'
 /Users/niko/.rvm/gems/ruby-1.9.2-p180/gems/rack-1.3.1/lib/rack/handler/thin.rb:13:in `run'
 /Users/niko/.rvm/gems/ruby-1.9.2-p180/gems/sinatra-1.2.6/lib/sinatra/base.rb:1234:in `run!'
 ./bin/lane_groove:11:in `block (2 levels) in <main>'
 /Users/niko/.rvm/gems/ruby-1.9.2-p180/gems/foreverb-0.2.1/lib/forever/base.rb:138:in `call'
 /Users/niko/.rvm/gems/ruby-1.9.2-p180/gems/foreverb-0.2.1/lib/forever/base.rb:138:in `safe_call'
 /Users/niko/.rvm/gems/ruby-1.9.2-p180/gems/foreverb-0.2.1/lib/forever/base.rb:36:in `block in initialize'
 /Users/niko/.rvm/gems/ruby-1.9.2-p180/gems/foreverb-0.2.1/lib/forever/base.rb:21:in `fork'
 /Users/niko/.rvm/gems/ruby-1.9.2-p180/gems/foreverb-0.2.1/lib/forever/base.rb:21:in `initialize'
 /Users/niko/.rvm/gems/ruby-1.9.2-p180/gems/foreverb-0.2.1/lib/forever.rb:13:in `new'
 /Users/niko/.rvm/gems/ruby-1.9.2-p180/gems/foreverb-0.2.1/lib/forever.rb:13:in `run'
 ./bin/lane_groove:7:in `<main>'
